\BOOKMARK [1][-]{section.1}{Introduction}{}% 1
\BOOKMARK [1][-]{section.2}{JUNO calibration system}{}% 2
\BOOKMARK [2][-]{subsection.2.1}{Automatic Calibration Unit \(ACU\)}{section.2}% 3
\BOOKMARK [2][-]{subsection.2.2}{Cable Loop System \(CLS\)}{section.2}% 4
\BOOKMARK [2][-]{subsection.2.3}{Guide Tube Calibration System \(GTCS\)}{section.2}% 5
\BOOKMARK [2][-]{subsection.2.4}{Remotely Operated under-LS Vehicles \(ROV\)}{section.2}% 6
\BOOKMARK [2][-]{subsection.2.5}{AURORA}{section.2}% 7
\BOOKMARK [2][-]{subsection.2.6}{USS}{section.2}% 8
\BOOKMARK [2][-]{subsection.2.7}{CCD}{section.2}% 9
\BOOKMARK [1][-]{section.3}{Radioactive background}{}% 10
\BOOKMARK [2][-]{subsection.3.1}{Potential background}{section.3}% 11
\BOOKMARK [2][-]{subsection.3.2}{Requirements and budget}{section.3}% 12
\BOOKMARK [1][-]{section.4}{Simulation method, cut}{}% 13
\BOOKMARK [2][-]{subsection.4.1}{Simulation method}{section.4}% 14
\BOOKMARK [2][-]{subsection.4.2}{Energy and Fiducial volume cut}{section.4}% 15
\BOOKMARK [2][-]{subsection.4.3}{Survival probability}{section.4}% 16
\BOOKMARK [1][-]{section.5}{Radioactivity measurement}{}% 17
\BOOKMARK [1][-]{section.6}{Radioactive background result}{}% 18
\BOOKMARK [2][-]{subsection.6.1}{Calibration systems}{section.6}% 19
\BOOKMARK [3][-]{subsubsection.6.1.1}{ACU}{subsection.6.1}% 20
\BOOKMARK [3][-]{subsubsection.6.1.2}{CLS}{subsection.6.1}% 21
\BOOKMARK [3][-]{subsubsection.6.1.3}{GTCS}{subsection.6.1}% 22
\BOOKMARK [3][-]{subsubsection.6.1.4}{USS}{subsection.6.1}% 23
\BOOKMARK [3][-]{subsubsection.6.1.5}{AURARO}{subsection.6.1}% 24
\BOOKMARK [2][-]{subsection.6.2}{Influence to total JUNO background}{section.6}% 25
\BOOKMARK [1][-]{section.7}{Conclusion}{}% 26
\BOOKMARK [1][-]{section.8}{Acknowledgement}{}% 27
